<?xml version="1.0" encoding="UTF-8"?>
<robot generator="Robot 6.0.1 (Python 3.10.7 on win32)" generated="20221225 16:51:07.563" rpa="false" schemaversion="3">
<suite id="s1" name="LoginTC" source="C:\Users\ASUS\Desktop\Other\Code\robotframework_demo\TestCases\LoginTC.robot">
<test id="s1-t1" name="LoginTest" line="12">
<kw name="Open Browser" library="SeleniumLibrary">
<arg>${url}</arg>
<arg>${brower}</arg>
<doc>Opens a new browser instance to the optional ``url``.</doc>
<msg timestamp="20221225 16:51:07.826" level="INFO">Opening browser 'chrome' to base url 'https://www.saucedemo.com/'.</msg>
<status status="PASS" starttime="20221225 16:51:07.826" endtime="20221225 16:51:09.945"/>
</kw>
<kw name="Maximize Browser Window" library="SeleniumLibrary">
<doc>Maximizes current browser window.</doc>
<status status="PASS" starttime="20221225 16:51:09.945" endtime="20221225 16:51:10.091"/>
</kw>
<kw name="Click Element" library="SeleniumLibrary">
<arg>xpath://*[@id="user-name"]</arg>
<doc>Click the element identified by ``locator``.</doc>
<msg timestamp="20221225 16:51:10.093" level="INFO">Clicking element 'xpath://*[@id="user-name"]'.</msg>
<status status="PASS" starttime="20221225 16:51:10.093" endtime="20221225 16:51:10.196"/>
</kw>
<kw name="Set Variable" library="BuiltIn">
<var>${"username"}</var>
<arg>xpath://*[@id="user-name"]</arg>
<doc>Returns the given values which can then be assigned to a variables.</doc>
<msg timestamp="20221225 16:51:10.199" level="INFO">${"username"} = xpath://*[@id="user-name"]</msg>
<status status="PASS" starttime="20221225 16:51:10.198" endtime="20221225 16:51:10.199"/>
</kw>
<kw name="Input Text" library="SeleniumLibrary">
<arg>${"username"}</arg>
<arg>standard_user</arg>
<doc>Types the given ``text`` into the text field identified by ``locator``.</doc>
<msg timestamp="20221225 16:51:10.202" level="INFO">Typing text 'standard_user' into text field 'xpath://*[@id="user-name"]'.</msg>
<status status="PASS" starttime="20221225 16:51:10.200" endtime="20221225 16:51:10.311"/>
</kw>
<kw name="Click Element" library="SeleniumLibrary">
<arg>xpath://*[@id="password"]</arg>
<doc>Click the element identified by ``locator``.</doc>
<msg timestamp="20221225 16:51:10.312" level="INFO">Clicking element 'xpath://*[@id="password"]'.</msg>
<status status="PASS" starttime="20221225 16:51:10.311" endtime="20221225 16:51:10.371"/>
</kw>
<kw name="Set Variable" library="BuiltIn">
<var>${"password"}</var>
<arg>xpath://*[@id="password"]</arg>
<doc>Returns the given values which can then be assigned to a variables.</doc>
<msg timestamp="20221225 16:51:10.372" level="INFO">${"password"} = xpath://*[@id="password"]</msg>
<status status="PASS" starttime="20221225 16:51:10.372" endtime="20221225 16:51:10.372"/>
</kw>
<kw name="Input Text" library="SeleniumLibrary">
<arg>${"password"}</arg>
<arg>secret_sauce</arg>
<doc>Types the given ``text`` into the text field identified by ``locator``.</doc>
<msg timestamp="20221225 16:51:10.373" level="INFO">Typing text 'secret_sauce' into text field 'xpath://*[@id="password"]'.</msg>
<status status="PASS" starttime="20221225 16:51:10.372" endtime="20221225 16:51:10.459"/>
</kw>
<kw name="Sleep" library="BuiltIn">
<arg>5</arg>
<doc>Pauses the test executed for the given time.</doc>
<msg timestamp="20221225 16:51:15.465" level="INFO">Slept 5 seconds</msg>
<status status="PASS" starttime="20221225 16:51:10.459" endtime="20221225 16:51:15.465"/>
</kw>
<kw name="Click Element" library="SeleniumLibrary">
<arg>xpath://*[@id="login-button"]</arg>
<doc>Click the element identified by ``locator``.</doc>
<msg timestamp="20221225 16:51:15.466" level="INFO">Clicking element 'xpath://*[@id="login-button"]'.</msg>
<status status="PASS" starttime="20221225 16:51:15.466" endtime="20221225 16:51:15.592"/>
</kw>
<kw name="Get Text" library="SeleniumLibrary">
<var>${name}</var>
<arg>xpath://*[@id="header_container"]/div[2]/span</arg>
<doc>Returns the text value of the element identified by ``locator``.</doc>
<msg timestamp="20221225 16:51:15.636" level="INFO">${name} = PRODUCTS</msg>
<status status="PASS" starttime="20221225 16:51:15.592" endtime="20221225 16:51:15.636"/>
</kw>
<kw name="Run Keyword If" library="BuiltIn">
<arg>'${name}' == '${nametocheck}'</arg>
<arg>casecheckname_true</arg>
<arg>ELSE</arg>
<arg>casecheckname_false</arg>
<doc>Runs the given keyword with the given arguments, if ``condition`` is true.</doc>
<kw name="casecheckname_true">
<kw name="Get Text" library="SeleniumLibrary">
<var>${name}</var>
<arg>xpath://*[@id="header_container"]/div[2]/span</arg>
<doc>Returns the text value of the element identified by ``locator``.</doc>
<msg timestamp="20221225 16:51:15.652" level="INFO">${name} = PRODUCTS</msg>
<status status="PASS" starttime="20221225 16:51:15.638" endtime="20221225 16:51:15.652"/>
</kw>
<kw name="Log To Console" library="BuiltIn">
<arg>đăng nhập thành công hệ thống hiển thị trang ${name}</arg>
<doc>Logs the given message to the console.</doc>
<status status="PASS" starttime="20221225 16:51:15.652" endtime="20221225 16:51:15.653"/>
</kw>
<status status="PASS" starttime="20221225 16:51:15.637" endtime="20221225 16:51:15.653"/>
</kw>
<status status="PASS" starttime="20221225 16:51:15.637" endtime="20221225 16:51:15.653"/>
</kw>
<kw name="Close Browser" library="SeleniumLibrary">
<doc>Closes the current browser.</doc>
<status status="PASS" starttime="20221225 16:51:15.654" endtime="20221225 16:51:17.783"/>
</kw>
<status status="PASS" starttime="20221225 16:51:07.825" endtime="20221225 16:51:17.784"/>
</test>
<status status="PASS" starttime="20221225 16:51:07.564" endtime="20221225 16:51:17.787"/>
</suite>
<statistics>
<total>
<stat pass="1" fail="0" skip="0">All Tests</stat>
</total>
<tag>
</tag>
<suite>
<stat pass="1" fail="0" skip="0" id="s1" name="LoginTC">LoginTC</stat>
</suite>
</statistics>
<errors>
</errors>
</robot>
