<?xml version="1.0" encoding="UTF-8"?>
<robot generator="Robot 6.0.1 (Python 3.10.7 on win32)" generated="20221230 13:08:39.911" rpa="false" schemaversion="3">
<suite id="s1" name="LoginTC" source="C:\Users\DanhNC14\Desktop\Auto_Test\robotframework_demo1\TestCases\LoginTC.robot">
<test id="s1-t1" name="LoginTest" line="13">
<kw name="Open Browser" library="SeleniumLibrary">
<arg>${url}</arg>
<arg>${brower}</arg>
<doc>Opens a new browser instance to the optional ``url``.</doc>
<msg timestamp="20221230 13:08:40.199" level="INFO">Opening browser 'chrome' to base url 'https://www.saucedemo.com/'.</msg>
<status status="PASS" starttime="20221230 13:08:40.198" endtime="20221230 13:08:43.154"/>
</kw>
<kw name="Maximize Browser Window" library="SeleniumLibrary">
<doc>Maximizes current browser window.</doc>
<status status="PASS" starttime="20221230 13:08:43.154" endtime="20221230 13:08:43.286"/>
</kw>
<kw name="Click Element" library="SeleniumLibrary">
<arg>xpath://*[@id="user-name"]</arg>
<doc>Click the element identified by ``locator``.</doc>
<msg timestamp="20221230 13:08:43.287" level="INFO">Clicking element 'xpath://*[@id="user-name"]'.</msg>
<status status="PASS" starttime="20221230 13:08:43.287" endtime="20221230 13:08:43.350"/>
</kw>
<kw name="Set Variable" library="BuiltIn">
<var>${"username"}</var>
<arg>xpath://*[@id="user-name"]</arg>
<doc>Returns the given values which can then be assigned to a variables.</doc>
<msg timestamp="20221230 13:08:43.351" level="INFO">${"username"} = xpath://*[@id="user-name"]</msg>
<status status="PASS" starttime="20221230 13:08:43.351" endtime="20221230 13:08:43.351"/>
</kw>
<kw name="Input Text" library="SeleniumLibrary">
<arg>${"username"}</arg>
<arg>standard_user</arg>
<doc>Types the given ``text`` into the text field identified by ``locator``.</doc>
<msg timestamp="20221230 13:08:43.352" level="INFO">Typing text 'standard_user' into text field 'xpath://*[@id="user-name"]'.</msg>
<status status="PASS" starttime="20221230 13:08:43.352" endtime="20221230 13:08:43.442"/>
</kw>
<kw name="Click Element" library="SeleniumLibrary">
<arg>xpath://*[@id="password"]</arg>
<doc>Click the element identified by ``locator``.</doc>
<msg timestamp="20221230 13:08:43.443" level="INFO">Clicking element 'xpath://*[@id="password"]'.</msg>
<status status="PASS" starttime="20221230 13:08:43.442" endtime="20221230 13:08:43.499"/>
</kw>
<kw name="Set Variable" library="BuiltIn">
<var>${"password"}</var>
<arg>xpath://*[@id="password"]</arg>
<doc>Returns the given values which can then be assigned to a variables.</doc>
<msg timestamp="20221230 13:08:43.500" level="INFO">${"password"} = xpath://*[@id="password"]</msg>
<status status="PASS" starttime="20221230 13:08:43.500" endtime="20221230 13:08:43.500"/>
</kw>
<kw name="Input Text" library="SeleniumLibrary">
<arg>${"password"}</arg>
<arg>secret_sauce</arg>
<doc>Types the given ``text`` into the text field identified by ``locator``.</doc>
<msg timestamp="20221230 13:08:43.502" level="INFO">Typing text 'secret_sauce' into text field 'xpath://*[@id="password"]'.</msg>
<status status="PASS" starttime="20221230 13:08:43.501" endtime="20221230 13:08:43.581"/>
</kw>
<kw name="Sleep" library="BuiltIn">
<arg>10</arg>
<doc>Pauses the test executed for the given time.</doc>
<msg timestamp="20221230 13:08:53.590" level="INFO">Slept 10 seconds</msg>
<status status="PASS" starttime="20221230 13:08:43.582" endtime="20221230 13:08:53.590"/>
</kw>
<kw name="Click Element" library="SeleniumLibrary">
<arg>xpath://*[@id="login-button"]</arg>
<doc>Click the element identified by ``locator``.</doc>
<msg timestamp="20221230 13:08:53.592" level="INFO">Clicking element 'xpath://*[@id="login-button"]'.</msg>
<status status="PASS" starttime="20221230 13:08:53.591" endtime="20221230 13:08:54.070"/>
</kw>
<kw name="Get Text" library="SeleniumLibrary">
<var>${name}</var>
<arg>xpath://*[@id="header_container"]/div[2]/span</arg>
<doc>Returns the text value of the element identified by ``locator``.</doc>
<msg timestamp="20221230 13:08:54.115" level="INFO">${name} = PRODUCTS</msg>
<status status="PASS" starttime="20221230 13:08:54.070" endtime="20221230 13:08:54.115"/>
</kw>
<kw name="Run Keyword If" library="BuiltIn">
<arg>'${name}' == '${nametocheck}'</arg>
<arg>casecheckname_true</arg>
<arg>ELSE</arg>
<arg>casecheckname_false</arg>
<doc>Runs the given keyword with the given arguments, if ``condition`` is true.</doc>
<kw name="casecheckname_true">
<kw name="Get Text" library="SeleniumLibrary">
<var>${name}</var>
<arg>xpath://*[@id="header_container"]/div[2]/span</arg>
<doc>Returns the text value of the element identified by ``locator``.</doc>
<msg timestamp="20221230 13:08:54.134" level="INFO">${name} = PRODUCTS</msg>
<status status="PASS" starttime="20221230 13:08:54.116" endtime="20221230 13:08:54.134"/>
</kw>
<kw name="Log To Console" library="BuiltIn">
<arg>đăng nhập thành công hệ thống hiển thị trang ${name}</arg>
<doc>Logs the given message to the console.</doc>
<status status="PASS" starttime="20221230 13:08:54.135" endtime="20221230 13:08:54.135"/>
</kw>
<status status="PASS" starttime="20221230 13:08:54.116" endtime="20221230 13:08:54.135"/>
</kw>
<status status="PASS" starttime="20221230 13:08:54.116" endtime="20221230 13:08:54.135"/>
</kw>
<kw name="Close Browser" library="SeleniumLibrary">
<doc>Closes the current browser.</doc>
<status status="PASS" starttime="20221230 13:08:54.136" endtime="20221230 13:08:56.380"/>
</kw>
<status status="PASS" starttime="20221230 13:08:40.198" endtime="20221230 13:08:56.381"/>
</test>
<status status="PASS" starttime="20221230 13:08:39.915" endtime="20221230 13:08:56.383"/>
</suite>
<statistics>
<total>
<stat pass="1" fail="0" skip="0">All Tests</stat>
</total>
<tag>
</tag>
<suite>
<stat pass="1" fail="0" skip="0" id="s1" name="LoginTC">LoginTC</stat>
</suite>
</statistics>
<errors>
</errors>
</robot>
