<?xml version="1.0" encoding="UTF-8"?>
<robot generator="Robot 6.0.1 (Python 3.10.7 on win32)" generated="20221224 22:43:23.117" rpa="false" schemaversion="3">
<suite id="s1" name="Tc1" source="C:\Users\ASUS\Desktop\Other\Code\robotframework_demo\TestCases\Tc1.robot">
<test id="s1-t1" name="LoginTest" line="8">
<kw name="Open Browser" library="SeleniumLibrary">
<arg>https://www.saucedemo.com/</arg>
<arg>chrome</arg>
<doc>Opens a new browser instance to the optional ``url``.</doc>
<msg timestamp="20221224 22:43:23.298" level="INFO">Opening browser 'chrome' to base url 'https://www.saucedemo.com/'.</msg>
<status status="PASS" starttime="20221224 22:43:23.297" endtime="20221224 22:43:25.053"/>
</kw>
<kw name="Click Element" library="SeleniumLibrary">
<arg>xpath://*[@id="user-name"]</arg>
<doc>Click the element identified by ``locator``.</doc>
<msg timestamp="20221224 22:43:25.055" level="INFO">Clicking element 'xpath://*[@id="user-name"]'.</msg>
<status status="PASS" starttime="20221224 22:43:25.054" endtime="20221224 22:43:25.109"/>
</kw>
<kw name="Input Text" library="SeleniumLibrary">
<arg>xpath://*[@id="user-name"]</arg>
<arg>standard_user</arg>
<doc>Types the given ``text`` into the text field identified by ``locator``.</doc>
<msg timestamp="20221224 22:43:25.110" level="INFO">Typing text 'standard_user' into text field 'xpath://*[@id="user-name"]'.</msg>
<status status="PASS" starttime="20221224 22:43:25.110" endtime="20221224 22:43:25.176"/>
</kw>
<kw name="Click Element" library="SeleniumLibrary">
<arg>xpath://*[@id="password"]</arg>
<doc>Click the element identified by ``locator``.</doc>
<msg timestamp="20221224 22:43:25.177" level="INFO">Clicking element 'xpath://*[@id="password"]'.</msg>
<status status="PASS" starttime="20221224 22:43:25.176" endtime="20221224 22:43:25.219"/>
</kw>
<kw name="Input Text" library="SeleniumLibrary">
<arg>xpath://*[@id="password"]</arg>
<arg>secret_sauce</arg>
<doc>Types the given ``text`` into the text field identified by ``locator``.</doc>
<msg timestamp="20221224 22:43:25.220" level="INFO">Typing text 'secret_sauce' into text field 'xpath://*[@id="password"]'.</msg>
<status status="PASS" starttime="20221224 22:43:25.219" endtime="20221224 22:43:25.271"/>
</kw>
<kw name="Click Element" library="SeleniumLibrary">
<arg>xpath://*[@id="login-button"]</arg>
<doc>Click the element identified by ``locator``.</doc>
<msg timestamp="20221224 22:43:25.272" level="INFO">Clicking element 'xpath://*[@id="login-button"]'.</msg>
<status status="PASS" starttime="20221224 22:43:25.272" endtime="20221224 22:43:25.354"/>
</kw>
<kw name="Get Text" library="SeleniumLibrary">
<var>${name}</var>
<arg>xpath://*[@id="header_container"]/div[2]/span</arg>
<doc>Returns the text value of the element identified by ``locator``.</doc>
<msg timestamp="20221224 22:43:25.457" level="INFO">${name} = PRODUCTS</msg>
<status status="PASS" starttime="20221224 22:43:25.355" endtime="20221224 22:43:25.457"/>
</kw>
<kw name="Log To Console" library="BuiltIn">
<arg>${name}</arg>
<doc>Logs the given message to the console.</doc>
<status status="PASS" starttime="20221224 22:43:25.458" endtime="20221224 22:43:25.458"/>
</kw>
<kw name="Close Browser" library="SeleniumLibrary">
<doc>Closes the current browser.</doc>
<status status="PASS" starttime="20221224 22:43:25.458" endtime="20221224 22:43:27.551"/>
</kw>
<status status="PASS" starttime="20221224 22:43:23.296" endtime="20221224 22:43:27.551"/>
</test>
<status status="PASS" starttime="20221224 22:43:23.119" endtime="20221224 22:43:27.552"/>
</suite>
<statistics>
<total>
<stat pass="1" fail="0" skip="0">All Tests</stat>
</total>
<tag>
</tag>
<suite>
<stat pass="1" fail="0" skip="0" id="s1" name="Tc1">Tc1</stat>
</suite>
</statistics>
<errors>
</errors>
</robot>
